<?xml version="1.0" encoding="UTF-8"?>
<Site BuildName="(empty)"
	BuildStamp="20250624-1103-Experimental"
	Name="(empty)"
	Generator="ctest-3.27.3"
	CompilerName=""
	CompilerVersion=""
	OSName="Windows"
	Hostname="DESKTOP-7LIE2BH"
	OSRelease=" Personal"
	OSVersion=" (Build 19045)"
	OSPlatform="AMD64"
	Is64Bits="1"
	VendorString="GenuineIntel"
	VendorID="Intel Corporation"
	FamilyID="6"
	ModelID="5"
	ProcessorCacheSize="-1"
	NumberOfLogicalCPU="12"
	NumberOfPhysicalCPU="6"
	TotalVirtualMemory="20809"
	TotalPhysicalMemory="8009"
	LogicalProcessorsPerPhysical="2"
	ProcessorClockFrequency="2496"
	>
	<Testing>
		<StartDateTime>Jun 24 14:08 RTZ 2 ([NON-UTF-8-BYTE-0xE7][NON-UTF-8-BYTE-0xE8][NON-UTF-8-BYTE-0xEC][NON-UTF-8-BYTE-0xE0])</StartDateTime>
		<StartTestTime>1750763314</StartTestTime>
		<TestList/>
		<EndDateTime>Jun 24 14:08 RTZ 2 ([NON-UTF-8-BYTE-0xE7][NON-UTF-8-BYTE-0xE8][NON-UTF-8-BYTE-0xEC][NON-UTF-8-BYTE-0xE0])</EndDateTime>
		<EndTestTime>1750763314</EndTestTime>
		<ElapsedMinutes>0</ElapsedMinutes>
	</Testing>
</Site>
